<?xml version="1.0" encoding="UTF-8"?>
<!-- Generated by org.testng.reporters.JUnitReportReporter -->
<testsuite hostname="DESKTOP-E3B8LTJ" failures="0" tests="1" name="testCases.TC006_AddCartTest" time="3.462" errors="0" timestamp="2025-05-01T13:51:29 IST" skipped="0">
  <testcase classname="testCases.TC006_AddCartTest" name="verifyAddCart" time="3.462"/>
</testsuite> <!-- testCases.TC006_AddCartTest -->
