<?xml version="1.0" encoding="UTF-8"?>
<!-- Generated by org.testng.reporters.JUnitReportReporter -->
<testsuite hostname="DESKTOP-E3B8LTJ" failures="0" tests="5" name="testCases.TC0003_LoginDDT" time="19.292" errors="0" timestamp="2025-04-25T16:58:51 IST" skipped="0">
  <testcase classname="testCases.TC0003_LoginDDT" name="verify_loginDDt" time="2.258"/>
  <testcase classname="testCases.TC0003_LoginDDT" name="verify_loginDDt" time="2.151"/>
  <testcase classname="testCases.TC0003_LoginDDT" name="verify_loginDDt" time="1.941"/>
  <testcase classname="testCases.TC0003_LoginDDT" name="verify_loginDDt" time="10.854"/>
  <testcase classname="testCases.TC0003_LoginDDT" name="verify_loginDDt" time="2.088"/>
</testsuite> <!-- testCases.TC0003_LoginDDT -->
