<?xml version="1.0" encoding="UTF-8"?>
<!-- Generated by org.testng.reporters.JUnitReportReporter -->
<testsuite hostname="DESKTOP-E3B8LTJ" failures="0" tests="1" name="testCases.TC004_SearchTest" time="3.277" errors="0" timestamp="2025-05-01T13:51:29 IST" skipped="0">
  <testcase classname="testCases.TC004_SearchTest" name="searchProduct" time="3.277"/>
</testsuite> <!-- testCases.TC004_SearchTest -->
