<?xml version="1.0" encoding="UTF-8"?>
<!-- Generated by org.testng.reporters.JUnitReportReporter -->
<testsuite hostname="DESKTOP-E3B8LTJ" failures="0" tests="1" name="testCases.TC001_AccountRegistrationTest" time="3.226" errors="0" timestamp="2025-05-02T06:22:07 IST" skipped="0">
  <testcase classname="testCases.TC001_AccountRegistrationTest" name="verify_Account_registration" time="3.226"/>
</testsuite> <!-- testCases.TC001_AccountRegistrationTest -->
